<?xml version="1.0" encoding="UTF-8"?>
<testsuite xmlns:xsi="http://www.w3.org/2001/XMLSchema-instance" xsi:noNamespaceSchemaLocation="https://maven.apache.org/surefire/maven-surefire-plugin/xsd/surefire-test-report.xsd" version="3.0.2" name="com.innowise.LinkedListTest" time="0.087" tests="12" errors="0" skipped="0" failures="0">
  <properties>
    <property name="java.specification.version" value="23"/>
    <property name="sun.cpu.isalist" value="amd64"/>
    <property name="sun.jnu.encoding" value="Cp1251"/>
    <property name="java.class.path" value="D:\interships\Innowise-intership\inno-practical-course\CustomLinkedList\target\test-classes;D:\interships\Innowise-intership\inno-practical-course\CustomLinkedList\target\classes;C:\Users\pikul\.m2\repository\org\junit\jupiter\junit-jupiter\5.11.4\junit-jupiter-5.11.4.jar;C:\Users\pikul\.m2\repository\org\junit\jupiter\junit-jupiter-api\5.11.4\junit-jupiter-api-5.11.4.jar;C:\Users\pikul\.m2\repository\org\opentest4j\opentest4j\1.3.0\opentest4j-1.3.0.jar;C:\Users\pikul\.m2\repository\org\junit\platform\junit-platform-commons\1.11.4\junit-platform-commons-1.11.4.jar;C:\Users\pikul\.m2\repository\org\apiguardian\apiguardian-api\1.1.2\apiguardian-api-1.1.2.jar;C:\Users\pikul\.m2\repository\org\junit\jupiter\junit-jupiter-params\5.11.4\junit-jupiter-params-5.11.4.jar;C:\Users\pikul\.m2\repository\org\junit\jupiter\junit-jupiter-engine\5.11.4\junit-jupiter-engine-5.11.4.jar;C:\Users\pikul\.m2\repository\org\junit\platform\junit-platform-engine\1.11.4\junit-platform-engine-1.11.4.jar;"/>
    <property name="java.vm.vendor" value="Oracle Corporation"/>
    <property name="sun.arch.data.model" value="64"/>
    <property name="user.variant" value=""/>
    <property name="java.vendor.url" value="https://java.oracle.com/"/>
    <property name="user.timezone" value="Europe/Minsk"/>
    <property name="user.country.format" value="BY"/>
    <property name="os.name" value="Windows 11"/>
    <property name="java.vm.specification.version" value="23"/>
    <property name="sun.java.launcher" value="SUN_STANDARD"/>
    <property name="user.country" value="RU"/>
    <property name="sun.boot.library.path" value="d:\programs\java\jdk23\openjdk-23.0.1\bin"/>
    <property name="sun.java.command" value="C:\Users\pikul\AppData\Local\Temp\surefire5881451040215809386\surefirebooter-20250903122558461_3.jar C:\Users\pikul\AppData\Local\Temp\surefire5881451040215809386 2025-09-03T12-25-54_280-jvmRun1 surefire-20250903122558461_1tmp surefire_0-20250903122558461_2tmp"/>
    <property name="jdk.debug" value="release"/>
    <property name="surefire.test.class.path" value="D:\interships\Innowise-intership\inno-practical-course\CustomLinkedList\target\test-classes;D:\interships\Innowise-intership\inno-practical-course\CustomLinkedList\target\classes;C:\Users\pikul\.m2\repository\org\junit\jupiter\junit-jupiter\5.11.4\junit-jupiter-5.11.4.jar;C:\Users\pikul\.m2\repository\org\junit\jupiter\junit-jupiter-api\5.11.4\junit-jupiter-api-5.11.4.jar;C:\Users\pikul\.m2\repository\org\opentest4j\opentest4j\1.3.0\opentest4j-1.3.0.jar;C:\Users\pikul\.m2\repository\org\junit\platform\junit-platform-commons\1.11.4\junit-platform-commons-1.11.4.jar;C:\Users\pikul\.m2\repository\org\apiguardian\apiguardian-api\1.1.2\apiguardian-api-1.1.2.jar;C:\Users\pikul\.m2\repository\org\junit\jupiter\junit-jupiter-params\5.11.4\junit-jupiter-params-5.11.4.jar;C:\Users\pikul\.m2\repository\org\junit\jupiter\junit-jupiter-engine\5.11.4\junit-jupiter-engine-5.11.4.jar;C:\Users\pikul\.m2\repository\org\junit\platform\junit-platform-engine\1.11.4\junit-platform-engine-1.11.4.jar;"/>
    <property name="sun.cpu.endian" value="little"/>
    <property name="user.home" value="C:\Users\pikul"/>
    <property name="user.language" value="ru"/>
    <property name="java.specification.vendor" value="Oracle Corporation"/>
    <property name="java.version.date" value="2024-10-15"/>
    <property name="java.home" value="d:\programs\java\jdk23\openjdk-23.0.1"/>
    <property name="file.separator" value="\"/>
    <property name="basedir" value="D:\interships\Innowise-intership\inno-practical-course\CustomLinkedList"/>
    <property name="java.vm.compressedOopsMode" value="32-bit"/>
    <property name="line.separator" value="&#10;"/>
    <property name="java.vm.specification.vendor" value="Oracle Corporation"/>
    <property name="java.specification.name" value="Java Platform API Specification"/>
    <property name="surefire.real.class.path" value="C:\Users\pikul\AppData\Local\Temp\surefire5881451040215809386\surefirebooter-20250903122558461_3.jar"/>
    <property name="user.script" value=""/>
    <property name="sun.management.compiler" value="HotSpot 64-Bit Tiered Compilers"/>
    <property name="java.runtime.version" value="23.0.1+11-39"/>
    <property name="user.name" value="pikul"/>
    <property name="stdout.encoding" value="Cp1251"/>
    <property name="path.separator" value=";"/>
    <property name="os.version" value="10.0"/>
    <property name="java.runtime.name" value="OpenJDK Runtime Environment"/>
    <property name="file.encoding" value="UTF-8"/>
    <property name="java.vm.name" value="OpenJDK 64-Bit Server VM"/>
    <property name="localRepository" value="C:\Users\pikul\.m2\repository"/>
    <property name="java.vendor.url.bug" value="https://bugreport.java.com/bugreport/"/>
    <property name="java.io.tmpdir" value="C:\Users\pikul\AppData\Local\Temp\"/>
    <property name="java.version" value="23.0.1"/>
    <property name="user.dir" value="D:\interships\Innowise-intership\inno-practical-course\CustomLinkedList"/>
    <property name="os.arch" value="amd64"/>
    <property name="java.vm.specification.name" value="Java Virtual Machine Specification"/>
    <property name="sun.os.patch.level" value=""/>
    <property name="native.encoding" value="Cp1251"/>
    <property name="java.library.path" value="d:\programs\java\jdk23\openjdk-23.0.1\bin;C:\Windows\Sun\Java\bin;C:\Windows\system32;C:\Windows;C:\Program Files\Python313\Scripts\;C:\Program Files\Python313\;C:\Windows\system32;C:\Windows;C:\Windows\System32\Wbem;C:\Windows\System32\WindowsPowerShell\v1.0\;C:\Program Files\Git\cmd;d:\programs\java\jdk23\openjdk-23.0.1\\bin;C:\Program Files\NVIDIA Corporation\NVIDIA app\NvDLISR;C:\Program Files (x86)\NVIDIA Corporation\PhysX\Common;D:\programs\nodejs\;C:\Program Files\Docker\Docker\resources\bin;C:\Users\pikul\AppData\Local\Microsoft\WindowsApps;D:\programs\IntelliJ IDEA Community Edition 2024.2.3\bin;D:\programs\PyCharm Community Edition 2024.2.3\bin;C:\Users\pikul\AppData\Roaming\npm;D:\programs\Microsoft VS Code\bin;C:\Program Files\Maven\apache-maven-3.9.11\bin;D:\programs\cursor\resources\app\binC:\Program Files\OpenSSH;C:\Windows\System32\OpenSSH;C:\Users\pikul\AppData\Local\Microsoft\WindowsApps;D:\programs\IntelliJ IDEA Community Edition 2024.2.3\bin;;D:\programs\PyCharm Community Edition 2024.2.3\bin;;C:\Users\pikul\AppData\Roaming\npm;D:\programs\Microsoft VS Code\bin;C:\Program Files\Maven\apache-maven-3.9.11\bin;D:\programs\cursor\resources\app\bin;."/>
    <property name="java.vm.info" value="mixed mode, sharing"/>
    <property name="stderr.encoding" value="Cp1251"/>
    <property name="java.vendor" value="Oracle Corporation"/>
    <property name="java.vm.version" value="23.0.1+11-39"/>
    <property name="sun.io.unicode.encoding" value="UnicodeLittle"/>
    <property name="java.class.version" value="67.0"/>
  </properties>
  <testcase name="testGetFirst" classname="com.innowise.LinkedListTest" time="0.035"/>
  <testcase name="testAddLast" classname="com.innowise.LinkedListTest" time="0.001"/>
  <testcase name="testAdd" classname="com.innowise.LinkedListTest" time="0.002"/>
  <testcase name="testGet" classname="com.innowise.LinkedListTest" time="0.001"/>
  <testcase name="testSize" classname="com.innowise.LinkedListTest" time="0.002"/>
  <testcase name="testRemoveFirst" classname="com.innowise.LinkedListTest" time="0.001"/>
  <testcase name="testRemoveByValue" classname="com.innowise.LinkedListTest" time="0.0"/>
  <testcase name="testAddFirst" classname="com.innowise.LinkedListTest" time="0.001"/>
  <testcase name="testGetLast" classname="com.innowise.LinkedListTest" time="0.001"/>
  <testcase name="testRemoveLast" classname="com.innowise.LinkedListTest" time="0.002"/>
  <testcase name="testIndexOf" classname="com.innowise.LinkedListTest" time="0.001"/>
  <testcase name="testRemove" classname="com.innowise.LinkedListTest" time="0.001"/>
</testsuite>